app/build/intermediates/manifest_merge_blame_file/debug/manifest-merger-blame-debug-report.txt
1<?xml version="1.0" encoding="utf-8"?>
2<manifest xmlns:android="http://schemas.android.com/apk/res/android"
3    package="com.example.emergency"
4    android:versionCode="1"
5    android:versionName="1.0" >
6
7    <uses-sdk
8        android:minSdkVersion="16"
8-->src\main\AndroidManifest.xml
9        android:targetSdkVersion="30" />
9-->src\main\AndroidManifest.xml
10    <!--
11         The ACCESS_COARSE/FINE_LOCATION permissions are not required to use
12         Google Maps Android API v2, but you must specify either coarse or fine
13         location permissions for the "MyLocation" functionality.
14    -->
15    <uses-permission android:name="android.permission.ACCESS_FINE_LOCATION" />
15-->src\main\AndroidManifest.xml:9:5-79
15-->src\main\AndroidManifest.xml:9:22-76
16    <uses-permission android:name="android.permission.ACCESS_COARSE_LOCATION" />
16-->src\main\AndroidManifest.xml:10:5-81
16-->src\main\AndroidManifest.xml:10:22-78
17    <uses-permission android:name="android.permission.INTERNET" />
17-->src\main\AndroidManifest.xml:11:5-67
17-->src\main\AndroidManifest.xml:11:22-64
18
19    <!-- Include required permissions for Google Maps API to run. -->
20    <uses-permission android:name="android.permission.ACCESS_NETWORK_STATE" />
20-->[com.google.android.gms:play-services-maps:17.0.1] AndroidManifest.xml:23:5-79
20-->[com.google.android.gms:play-services-maps:17.0.1] AndroidManifest.xml:23:22-76
21
22    <uses-feature
22-->[com.google.android.gms:play-services-maps:17.0.1] AndroidManifest.xml:26:5-28:35
23        android:glEsVersion="0x00020000"
23-->[com.google.android.gms:play-services-maps:17.0.1] AndroidManifest.xml:27:9-41
24        android:required="true" />
24-->[com.google.android.gms:play-services-maps:17.0.1] AndroidManifest.xml:28:9-32
25
26    <queries>
26-->[com.google.android.gms:play-services-maps:17.0.1] AndroidManifest.xml:30:5-34:15
27
28        <!-- Needs to be explicitly declared on Android R+ -->
29        <package android:name="com.google.android.apps.maps" />
29-->[com.google.android.gms:play-services-maps:17.0.1] AndroidManifest.xml:33:9-64
29-->[com.google.android.gms:play-services-maps:17.0.1] AndroidManifest.xml:33:18-61
30    </queries>
31
32    <application
32-->src\main\AndroidManifest.xml:14:5-43:19
33        android:allowBackup="true"
33-->src\main\AndroidManifest.xml:15:9-35
34        android:appComponentFactory="androidx.core.app.CoreComponentFactory"
34-->[androidx.core:core:1.5.0] AndroidManifest.xml:24:18-86
35        android:debuggable="true"
36        android:icon="@mipmap/ic_launcher"
36-->src\main\AndroidManifest.xml:16:9-43
37        android:label="@string/app_name"
37-->src\main\AndroidManifest.xml:17:9-41
38        android:roundIcon="@mipmap/ic_launcher_round"
38-->src\main\AndroidManifest.xml:18:9-54
39        android:supportsRtl="true"
39-->src\main\AndroidManifest.xml:19:9-35
40        android:testOnly="true"
41        android:theme="@style/Theme.Emergency" >
41-->src\main\AndroidManifest.xml:20:9-47
42        <meta-data
42-->src\main\AndroidManifest.xml:23:9-25:71
43            android:name="com.google.android.API_KEY"
43-->src\main\AndroidManifest.xml:24:13-54
44            android:value="AIzaSyB7RvaOGGxU9-59_2mEb0n5xizj9rOXRXQ" />
44-->src\main\AndroidManifest.xml:25:13-68
45
46        <!--
47             The API key for Google Maps-based APIs is defined as a string resource.
48             (See the file "res/values/google_maps_api.xml").
49             Note that the API key is linked to the encryption key used to sign the APK.
50             You need a different API key for each encryption key, including the release key that is used to
51             sign the APK for publishing.
52             You can define the keys for the debug and release targets in src/debug/ and src/release/.
53        -->
54        <activity android:name="com.example.emergency.MainActivity" />
54-->src\main\AndroidManifest.xml:35:9-50
54-->src\main\AndroidManifest.xml:35:19-47
55        <activity android:name="com.example.emergency.MainActivity2" >
55-->src\main\AndroidManifest.xml:36:9-42:20
55-->src\main\AndroidManifest.xml:36:19-48
56            <intent-filter>
56-->src\main\AndroidManifest.xml:37:13-41:29
57                <action android:name="android.intent.action.MAIN" />
57-->src\main\AndroidManifest.xml:38:17-69
57-->src\main\AndroidManifest.xml:38:25-66
58
59                <category android:name="android.intent.category.LAUNCHER" />
59-->src\main\AndroidManifest.xml:40:17-77
59-->src\main\AndroidManifest.xml:40:27-74
60            </intent-filter>
61        </activity>
62        <!-- Needs to be explicitly declared on P+ -->
63        <uses-library
63-->[com.google.android.gms:play-services-maps:17.0.1] AndroidManifest.xml:39:9-41:40
64            android:name="org.apache.http.legacy"
64-->[com.google.android.gms:play-services-maps:17.0.1] AndroidManifest.xml:40:13-50
65            android:required="false" />
65-->[com.google.android.gms:play-services-maps:17.0.1] AndroidManifest.xml:41:13-37
66
67        <activity
67-->[com.google.android.gms:play-services-base:17.5.0] AndroidManifest.xml:23:9-26:75
68            android:name="com.google.android.gms.common.api.GoogleApiActivity"
68-->[com.google.android.gms:play-services-base:17.5.0] AndroidManifest.xml:24:13-79
69            android:exported="false"
69-->[com.google.android.gms:play-services-base:17.5.0] AndroidManifest.xml:25:13-37
70            android:theme="@android:style/Theme.Translucent.NoTitleBar" />
70-->[com.google.android.gms:play-services-base:17.5.0] AndroidManifest.xml:26:13-72
71
72        <meta-data
72-->[com.google.android.gms:play-services-basement:17.5.0] AndroidManifest.xml:23:9-25:69
73            android:name="com.google.android.gms.version"
73-->[com.google.android.gms:play-services-basement:17.5.0] AndroidManifest.xml:24:13-58
74            android:value="@integer/google_play_services_version" />
74-->[com.google.android.gms:play-services-basement:17.5.0] AndroidManifest.xml:25:13-66
75    </application>
76
77</manifest>